2021-08-12 11:12:42,174 - root - INFO - ======= Accessing root directory ============= 

2021-08-12 11:13:28,272 - root - INFO - ======= Accessing root directory ============= 

2021-08-12 11:14:16,544 - root - INFO - ======= Accessing root directory ============= 

2021-08-12 11:15:09,559 - root - INFO - ======= Accessing root directory ============= 

2021-08-12 11:17:03,103 - root - INFO - ======= Accessing root directory ============= 

2021-08-12 11:17:47,725 - root - INFO - ======= Accessing root directory ============= 

2021-08-12 11:18:45,296 - root - INFO - ======= Accessing root directory ============= 

2021-08-12 11:19:30,308 - root - INFO - ======= Accessing root directory ============= 

2021-08-12 11:20:27,450 - root - INFO - ======= Accessing root directory ============= 

2021-08-12 11:21:22,365 - root - INFO - ======= Accessing root directory ============= 

2021-08-12 11:22:07,132 - root - INFO - ======= Accessing root directory ============= 

2021-08-12 11:22:58,549 - root - INFO - ======= Accessing root directory ============= 

2021-08-12 11:23:48,112 - root - INFO - ======= Accessing root directory ============= 

2021-08-12 11:24:36,665 - root - INFO - ======= Accessing root directory ============= 

2021-08-12 11:25:21,988 - root - INFO - ======= Accessing root directory ============= 

2021-08-12 11:26:07,003 - root - INFO - ======= Accessing root directory ============= 

2021-08-12 11:26:53,672 - root - INFO - ======= Accessing root directory ============= 

2021-08-12 11:28:47,928 - root - INFO - ======= Accessing root directory ============= 

2021-08-12 11:30:48,949 - root - INFO - ======= Accessing root directory ============= 

2021-08-12 11:32:33,089 - root - INFO - ======= Accessing root directory ============= 

2021-08-12 11:34:13,366 - root - INFO - ======= Accessing root directory ============= 

2021-08-12 11:36:09,202 - root - INFO - ======= Accessing root directory ============= 

2021-08-12 11:37:50,833 - root - INFO - ======= Accessing root directory ============= 

2021-08-12 11:39:34,541 - root - INFO - ======= Accessing root directory ============= 

2021-08-12 11:41:19,653 - root - INFO - ======= Accessing root directory ============= 

2021-08-12 11:43:11,542 - root - INFO - ======= Accessing root directory ============= 

2021-08-12 11:45:00,828 - root - INFO - ======= Accessing root directory ============= 

2021-08-12 11:46:53,377 - root - INFO - ======= Accessing root directory ============= 

2021-08-12 11:48:46,609 - root - INFO - ======= Accessing root directory ============= 

2021-08-12 11:50:29,746 - root - INFO - ======= Accessing root directory ============= 

2021-08-12 11:52:17,167 - root - INFO - ===================== Initializing meat_data function ==================== 

2021-08-12 11:52:17,187 - root - INFO - ===================== Opening text file ========= 
 
2021-08-12 11:52:17,609 - root - INFO - ===================== creating csv ==================== 

2021-08-12 11:52:17,611 - root - INFO - converting json to csv
